# JRE version: OpenJDK Runtime Environment Temurin-21.0.8+9 (21.0.8+9) (build 21.0.8+9-LTS)
# Java VM: OpenJDK 64-Bit Server VM Temurin-21.0.8+9 (21.0.8+9-LTS, mixed mode, sharing, tiered, compressed oops, compressed class ptrs, parallel gc, windows-amd64)
GC Precious Log:
 CardTable entry size: 512
 CPUs: 4 total, 4 available
 Memory: 8072M
 Large Page Support: Disabled
 NUMA Support: Disabled
 Compressed Oops: Enabled (32-bit)
 Alignments: Space 512K, Generation 512K, Heap 2M
 Heap Min Capacity: 100M
 Heap Initial Capacity: 100M
 Heap Max Capacity: 2G
 Pre-touch: Disabled
 Parallel Workers: 4
Heap:
 PSYoungGen      total 2048K, used 1374K [0x00000000d5580000, 0x00000000d5880000, 0x0000000100000000)
  eden space 1536K, 64% used [0x00000000d5580000,0x00000000d56779c0,0x00000000d5700000)
  from space 512K, 75% used [0x00000000d5800000,0x00000000d5860000,0x00000000d5880000)
  to   space 512K, 0% used [0x00000000d5780000,0x00000000d5780000,0x00000000d5800000)
 ParOldGen       total 275968K, used 275585K [0x0000000080000000, 0x0000000090d80000, 0x00000000d5580000)
  object space 275968K, 99% used [0x0000000080000000,0x0000000090d204b8,0x0000000090d80000)
 Metaspace       used 85578K, committed 87424K, reserved 1179648K
  class space    used 8913K, committed 9728K, reserved 1048576K
GC Heap History (20 events):
Event: 1757.619 GC heap before
{Heap before GC invocations=1784 (full 5):
 PSYoungGen      total 2048K, used 1664K [0x00000000d5580000, 0x00000000d5880000, 0x0000000100000000)
  eden space 1536K, 100% used [0x00000000d5580000,0x00000000d5700000,0x00000000d5700000)
  from space 512K, 25% used [0x00000000d5800000,0x00000000d5820000,0x00000000d5880000)
  to   space 512K, 0% used [0x00000000d5780000,0x00000000d5780000,0x00000000d5800000)
 ParOldGen       total 274944K, used 274939K [0x0000000080000000, 0x0000000090c80000, 0x00000000d5580000)
  object space 274944K, 99% used [0x0000000080000000,0x0000000090c7ecc0,0x0000000090c80000)
 Metaspace       used 85488K, committed 87232K, reserved 1179648K
  class space    used 8909K, committed 9728K, reserved 1048576K
}
Event: 1757.622 GC heap after
{Heap after GC invocations=1784 (full 5):
 PSYoungGen      total 2048K, used 261K [0x00000000d5580000, 0x00000000d5880000, 0x0000000100000000)
  eden space 1536K, 0% used [0x00000000d5580000,0x00000000d5580000,0x00000000d5700000)
  from space 512K, 50% used [0x00000000d5780000,0x00000000d57c1420,0x00000000d5800000)
  to   space 512K, 0% used [0x00000000d5800000,0x00000000d5800000,0x00000000d5880000)
 ParOldGen       total 275456K, used 275003K [0x0000000080000000, 0x0000000090d00000, 0x00000000d5580000)
  object space 275456K, 99% used [0x0000000080000000,0x0000000090c8ecc0,0x0000000090d00000)
 Metaspace       used 85488K, committed 87232K, reserved 1179648K
  class space    used 8909K, committed 9728K, reserved 1048576K
}
Event: 1757.703 GC heap before
{Heap before GC invocations=1785 (full 5):
 PSYoungGen      total 2048K, used 1797K [0x00000000d5580000, 0x00000000d5880000, 0x0000000100000000)
  eden space 1536K, 100% used [0x00000000d5580000,0x00000000d5700000,0x00000000d5700000)
  from space 512K, 50% used [0x00000000d5780000,0x00000000d57c1420,0x00000000d5800000)
  to   space 512K, 0% used [0x00000000d5800000,0x00000000d5800000,0x00000000d5880000)
 ParOldGen       total 275456K, used 275003K [0x0000000080000000, 0x0000000090d00000, 0x00000000d5580000)
  object space 275456K, 99% used [0x0000000080000000,0x0000000090c8ecc0,0x0000000090d00000)
 Metaspace       used 85522K, committed 87296K, reserved 1179648K
  class space    used 8912K, committed 9728K, reserved 1048576K
}
Event: 1757.708 GC heap after
{Heap after GC invocations=1785 (full 5):
 PSYoungGen      total 2048K, used 128K [0x00000000d5580000, 0x00000000d5880000, 0x0000000100000000)
  eden space 1536K, 0% used [0x00000000d5580000,0x00000000d5580000,0x00000000d5700000)
  from space 512K, 25% used [0x00000000d5800000,0x00000000d5820000,0x00000000d5880000)
  to   space 512K, 0% used [0x00000000d5780000,0x00000000d5780000,0x00000000d5800000)
 ParOldGen       total 275456K, used 275132K [0x0000000080000000, 0x0000000090d00000, 0x00000000d5580000)
  object space 275456K, 99% used [0x0000000080000000,0x0000000090caf278,0x0000000090d00000)
 Metaspace       used 85522K, committed 87296K, reserved 1179648K
  class space    used 8912K, committed 9728K, reserved 1048576K
}
Event: 1854.103 GC heap before
{Heap before GC invocations=1786 (full 5):
 PSYoungGen      total 2048K, used 1664K [0x00000000d5580000, 0x00000000d5880000, 0x0000000100000000)
  eden space 1536K, 100% used [0x00000000d5580000,0x00000000d5700000,0x00000000d5700000)
  from space 512K, 25% used [0x00000000d5800000,0x00000000d5820000,0x00000000d5880000)
  to   space 512K, 0% used [0x00000000d5780000,0x00000000d5780000,0x00000000d5800000)
 ParOldGen       total 275456K, used 275132K [0x0000000080000000, 0x0000000090d00000, 0x00000000d5580000)
  object space 275456K, 99% used [0x0000000080000000,0x0000000090caf278,0x0000000090d00000)
 Metaspace       used 85530K, committed 87296K, reserved 1179648K
  class space    used 8912K, committed 9728K, reserved 1048576K
}
Event: 1854.105 GC heap after
{Heap after GC invocations=1786 (full 5):
 PSYoungGen      total 2048K, used 128K [0x00000000d5580000, 0x00000000d5880000, 0x0000000100000000)
  eden space 1536K, 0% used [0x00000000d5580000,0x00000000d5580000,0x00000000d5700000)
  from space 512K, 25% used [0x00000000d5780000,0x00000000d57a0000,0x00000000d5800000)
  to   space 512K, 0% used [0x00000000d5800000,0x00000000d5800000,0x00000000d5880000)
 ParOldGen       total 275456K, used 275188K [0x0000000080000000, 0x0000000090d00000, 0x00000000d5580000)
  object space 275456K, 99% used [0x0000000080000000,0x0000000090cbd288,0x0000000090d00000)
 Metaspace       used 85530K, committed 87296K, reserved 1179648K
  class space    used 8912K, committed 9728K, reserved 1048576K
}
Event: 1854.145 GC heap before
{Heap before GC invocations=1787 (full 5):
 PSYoungGen      total 2048K, used 1664K [0x00000000d5580000, 0x00000000d5880000, 0x0000000100000000)
  eden space 1536K, 100% used [0x00000000d5580000,0x00000000d5700000,0x00000000d5700000)
  from space 512K, 25% used [0x00000000d5780000,0x00000000d57a0000,0x00000000d5800000)
  to   space 512K, 0% used [0x00000000d5800000,0x00000000d5800000,0x00000000d5880000)
 ParOldGen       total 275456K, used 275188K [0x0000000080000000, 0x0000000090d00000, 0x00000000d5580000)
  object space 275456K, 99% used [0x0000000080000000,0x0000000090cbd288,0x0000000090d00000)
 Metaspace       used 85530K, committed 87296K, reserved 1179648K
  class space    used 8912K, committed 9728K, reserved 1048576K
}
Event: 1854.147 GC heap after
{Heap after GC invocations=1787 (full 5):
 PSYoungGen      total 2048K, used 64K [0x00000000d5580000, 0x00000000d5880000, 0x0000000100000000)
  eden space 1536K, 0% used [0x00000000d5580000,0x00000000d5580000,0x00000000d5700000)
  from space 512K, 12% used [0x00000000d5800000,0x00000000d5810000,0x00000000d5880000)
  to   space 512K, 0% used [0x00000000d5780000,0x00000000d5780000,0x00000000d5800000)
 ParOldGen       total 275456K, used 275228K [0x0000000080000000, 0x0000000090d00000, 0x00000000d5580000)
  object space 275456K, 99% used [0x0000000080000000,0x0000000090cc7288,0x0000000090d00000)
 Metaspace       used 85530K, committed 87296K, reserved 1179648K
  class space    used 8912K, committed 9728K, reserved 1048576K
}
Event: 1938.444 GC heap before
{Heap before GC invocations=1788 (full 5):
 PSYoungGen      total 2048K, used 1600K [0x00000000d5580000, 0x00000000d5880000, 0x0000000100000000)
  eden space 1536K, 100% used [0x00000000d5580000,0x00000000d5700000,0x00000000d5700000)
  from space 512K, 12% used [0x00000000d5800000,0x00000000d5810000,0x00000000d5880000)
  to   space 512K, 0% used [0x00000000d5780000,0x00000000d5780000,0x00000000d5800000)
 ParOldGen       total 275456K, used 275228K [0x0000000080000000, 0x0000000090d00000, 0x00000000d5580000)
  object space 275456K, 99% used [0x0000000080000000,0x0000000090cc7288,0x0000000090d00000)
 Metaspace       used 85545K, committed 87360K, reserved 1179648K
  class space    used 8912K, committed 9728K, reserved 1048576K
}
Event: 1938.446 GC heap after
{Heap after GC invocations=1788 (full 5):
 PSYoungGen      total 2048K, used 96K [0x00000000d5580000, 0x00000000d5880000, 0x0000000100000000)
  eden space 1536K, 0% used [0x00000000d5580000,0x00000000d5580000,0x00000000d5700000)
  from space 512K, 18% used [0x00000000d5780000,0x00000000d5798000,0x00000000d5800000)
  to   space 512K, 0% used [0x00000000d5800000,0x00000000d5800000,0x00000000d5880000)
 ParOldGen       total 275456K, used 275228K [0x0000000080000000, 0x0000000090d00000, 0x00000000d5580000)
  object space 275456K, 99% used [0x0000000080000000,0x0000000090cc7288,0x0000000090d00000)
 Metaspace       used 85545K, committed 87360K, reserved 1179648K
  class space    used 8912K, committed 9728K, reserved 1048576K
}
Event: 1962.866 GC heap before
{Heap before GC invocations=1789 (full 5):
 PSYoungGen      total 2048K, used 1632K [0x00000000d5580000, 0x00000000d5880000, 0x0000000100000000)
  eden space 1536K, 100% used [0x00000000d5580000,0x00000000d5700000,0x00000000d5700000)
  from space 512K, 18% used [0x00000000d5780000,0x00000000d5798000,0x00000000d5800000)
  to   space 512K, 0% used [0x00000000d5800000,0x00000000d5800000,0x00000000d5880000)
 ParOldGen       total 275456K, used 275228K [0x0000000080000000, 0x0000000090d00000, 0x00000000d5580000)
  object space 275456K, 99% used [0x0000000080000000,0x0000000090cc7288,0x0000000090d00000)
 Metaspace       used 85545K, committed 87360K, reserved 1179648K
  class space    used 8912K, committed 9728K, reserved 1048576K
}
Event: 1962.867 GC heap after
{Heap after GC invocations=1789 (full 5):
 PSYoungGen      total 2048K, used 128K [0x00000000d5580000, 0x00000000d5880000, 0x0000000100000000)
  eden space 1536K, 0% used [0x00000000d5580000,0x00000000d5580000,0x00000000d5700000)
  from space 512K, 25% used [0x00000000d5800000,0x00000000d5820000,0x00000000d5880000)
  to   space 512K, 0% used [0x00000000d5780000,0x00000000d5780000,0x00000000d5800000)
 ParOldGen       total 275456K, used 275236K [0x0000000080000000, 0x0000000090d00000, 0x00000000d5580000)
  object space 275456K, 99% used [0x0000000080000000,0x0000000090cc9288,0x0000000090d00000)
 Metaspace       used 85545K, committed 87360K, reserved 1179648K
  class space    used 8912K, committed 9728K, reserved 1048576K
}
Event: 1964.277 GC heap before
{Heap before GC invocations=1790 (full 5):
 PSYoungGen      total 2048K, used 1664K [0x00000000d5580000, 0x00000000d5880000, 0x0000000100000000)
  eden space 1536K, 100% used [0x00000000d5580000,0x00000000d5700000,0x00000000d5700000)
  from space 512K, 25% used [0x00000000d5800000,0x00000000d5820000,0x00000000d5880000)
  to   space 512K, 0% used [0x00000000d5780000,0x00000000d5780000,0x00000000d5800000)
 ParOldGen       total 275456K, used 275236K [0x0000000080000000, 0x0000000090d00000, 0x00000000d5580000)
  object space 275456K, 99% used [0x0000000080000000,0x0000000090cc9288,0x0000000090d00000)
 Metaspace       used 85554K, committed 87360K, reserved 1179648K
  class space    used 8912K, committed 9728K, reserved 1048576K
}
Event: 1964.278 GC heap after
{Heap after GC invocations=1790 (full 5):
 PSYoungGen      total 2048K, used 128K [0x00000000d5580000, 0x00000000d5880000, 0x0000000100000000)
  eden space 1536K, 0% used [0x00000000d5580000,0x00000000d5580000,0x00000000d5700000)
  from space 512K, 25% used [0x00000000d5780000,0x00000000d57a0000,0x00000000d5800000)
  to   space 512K, 0% used [0x00000000d5800000,0x00000000d5800000,0x00000000d5880000)
 ParOldGen       total 275456K, used 275260K [0x0000000080000000, 0x0000000090d00000, 0x00000000d5580000)
  object space 275456K, 99% used [0x0000000080000000,0x0000000090ccf288,0x0000000090d00000)
 Metaspace       used 85554K, committed 87360K, reserved 1179648K
  class space    used 8912K, committed 9728K, reserved 1048576K
}
Event: 2074.909 GC heap before
{Heap before GC invocations=1791 (full 5):
 PSYoungGen      total 2048K, used 1664K [0x00000000d5580000, 0x00000000d5880000, 0x0000000100000000)
  eden space 1536K, 100% used [0x00000000d5580000,0x00000000d5700000,0x00000000d5700000)
  from space 512K, 25% used [0x00000000d5780000,0x00000000d57a0000,0x00000000d5800000)
  to   space 512K, 0% used [0x00000000d5800000,0x00000000d5800000,0x00000000d5880000)
 ParOldGen       total 275456K, used 275260K [0x0000000080000000, 0x0000000090d00000, 0x00000000d5580000)
  object space 275456K, 99% used [0x0000000080000000,0x0000000090ccf288,0x0000000090d00000)
 Metaspace       used 85560K, committed 87360K, reserved 1179648K
  class space    used 8913K, committed 9728K, reserved 1048576K
}
Event: 2074.912 GC heap after
{Heap after GC invocations=1791 (full 5):
 PSYoungGen      total 2048K, used 256K [0x00000000d5580000, 0x00000000d5880000, 0x0000000100000000)
  eden space 1536K, 0% used [0x00000000d5580000,0x00000000d5580000,0x00000000d5700000)
  from space 512K, 50% used [0x00000000d5800000,0x00000000d5840020,0x00000000d5880000)
  to   space 512K, 0% used [0x00000000d5780000,0x00000000d5780000,0x00000000d5800000)
 ParOldGen       total 275456K, used 275284K [0x0000000080000000, 0x0000000090d00000, 0x00000000d5580000)
  object space 275456K, 99% used [0x0000000080000000,0x0000000090cd5288,0x0000000090d00000)
 Metaspace       used 85560K, committed 87360K, reserved 1179648K
  class space    used 8913K, committed 9728K, reserved 1048576K
}
Event: 2074.930 GC heap before
{Heap before GC invocations=1792 (full 5):
 PSYoungGen      total 2048K, used 1792K [0x00000000d5580000, 0x00000000d5880000, 0x0000000100000000)
  eden space 1536K, 100% used [0x00000000d5580000,0x00000000d5700000,0x00000000d5700000)
  from space 512K, 50% used [0x00000000d5800000,0x00000000d5840020,0x00000000d5880000)
  to   space 512K, 0% used [0x00000000d5780000,0x00000000d5780000,0x00000000d5800000)
 ParOldGen       total 275456K, used 275284K [0x0000000080000000, 0x0000000090d00000, 0x00000000d5580000)
  object space 275456K, 99% used [0x0000000080000000,0x0000000090cd5288,0x0000000090d00000)
 Metaspace       used 85560K, committed 87360K, reserved 1179648K
  class space    used 8913K, committed 9728K, reserved 1048576K
}
Event: 2074.936 GC heap after
{Heap after GC invocations=1792 (full 5):
 PSYoungGen      total 2048K, used 208K [0x00000000d5580000, 0x00000000d5880000, 0x0000000100000000)
  eden space 1536K, 0% used [0x00000000d5580000,0x00000000d5580000,0x00000000d5700000)
  from space 512K, 40% used [0x00000000d5780000,0x00000000d57b4010,0x00000000d5800000)
  to   space 512K, 0% used [0x00000000d5800000,0x00000000d5800000,0x00000000d5880000)
 ParOldGen       total 275456K, used 275404K [0x0000000080000000, 0x0000000090d00000, 0x00000000d5580000)
  object space 275456K, 99% used [0x0000000080000000,0x0000000090cf32a8,0x0000000090d00000)
 Metaspace       used 85560K, committed 87360K, reserved 1179648K
  class space    used 8913K, committed 9728K, reserved 1048576K
}
Event: 2074.943 GC heap before
{Heap before GC invocations=1793 (full 5):
 PSYoungGen      total 2048K, used 1744K [0x00000000d5580000, 0x00000000d5880000, 0x0000000100000000)
  eden space 1536K, 100% used [0x00000000d5580000,0x00000000d5700000,0x00000000d5700000)
  from space 512K, 40% used [0x00000000d5780000,0x00000000d57b4010,0x00000000d5800000)
  to   space 512K, 0% used [0x00000000d5800000,0x00000000d5800000,0x00000000d5880000)
 ParOldGen       total 275456K, used 275404K [0x0000000080000000, 0x0000000090d00000, 0x00000000d5580000)
  object space 275456K, 99% used [0x0000000080000000,0x0000000090cf32a8,0x0000000090d00000)
 Metaspace       used 85560K, committed 87360K, reserved 1179648K
  class space    used 8913K, committed 9728K, reserved 1048576K
}
Event: 2074.948 GC heap after
{Heap after GC invocations=1793 (full 5):
 PSYoungGen      total 2048K, used 384K [0x00000000d5580000, 0x00000000d5880000, 0x0000000100000000)
  eden space 1536K, 0% used [0x00000000d5580000,0x00000000d5580000,0x00000000d5700000)
  from space 512K, 75% used [0x00000000d5800000,0x00000000d5860000,0x00000000d5880000)
  to   space 512K, 0% used [0x00000000d5780000,0x00000000d5780000,0x00000000d5800000)
 ParOldGen       total 275968K, used 275585K [0x0000000080000000, 0x0000000090d80000, 0x00000000d5580000)
  object space 275968K, 99% used [0x0000000080000000,0x0000000090d204b8,0x0000000090d80000)
 Metaspace       used 85560K, committed 87360K, reserved 1179648K
  class space    used 8913K, committed 9728K, reserved 1048576K
}

